[2026-04-05 13:15:01] [INFO] [SYSTEM] Starting monitoring cycle
[2026-04-05 13:15:01] [INFO] [DNS] Resolved google.com to 192.178.155.102
[2026-04-05 13:15:01] [INFO] [DNS] Resolved github.com to 140.82.113.3
[2026-04-05 13:15:06] [ERROR] [DNS] Failed to resolve this-is-a-fake-domain-that-should-fail.local: [Errno 8] nodename nor servname provided, or not known
[2026-04-05 13:15:06] [INFO] [DIAGNOSTICS] Triggering network_diagnostics.sh for this-is-a-fake-domain-that-should-fail.local
[2026-04-05 13:15:21] [ERROR] [DIAGNOSTICS] Failed to run diagnostic script: Command '['/Users/saineel/Desktop/Linux_Lab/network_diagnostics.sh', 'this-is-a-fake-domain-that-should-fail.local']' timed out after 15 seconds
[2026-04-05 13:15:21] [INFO] [TCP] Successfully connected to 8.8.8.8:53
[2026-04-05 13:15:21] [INFO] [TCP] Successfully connected to github.com:443
[2026-04-05 13:15:21] [ERROR] [TCP] Connection to localhost:8080 was refused.
[2026-04-05 13:15:21] [INFO] [DIAGNOSTICS] Triggering network_diagnostics.sh for localhost
[2026-04-05 13:15:21] [DIAG] [localhost] ======================================
[2026-04-05 13:15:21] [DIAG] [localhost] Diagnostics for: localhost
[2026-04-05 13:15:21] [DIAG] [localhost] ======================================
[2026-04-05 13:15:21] [DIAG] [localhost] [1] PING Check
[2026-04-05 13:15:21] [DIAG] [localhost] FAILURE: Host is unreachable via ICMP (ping).
[2026-04-05 13:15:21] [DIAG] [localhost] [2] DNS Resolution Check (nslookup / dig)
[2026-04-05 13:15:21] [DIAG] [localhost] 127.0.0.1
[2026-04-05 13:15:21] [DIAG] [localhost] [3] Common Port Check (SSH: 22, HTTP: 80, HTTPS: 443) using netcat
[2026-04-05 13:15:21] [DIAG] [localhost] FAILURE: Port 22 is CLOSED or timed out.
[2026-04-05 13:15:21] [DIAG] [localhost] FAILURE: Port 80 is CLOSED or timed out.
[2026-04-05 13:15:21] [DIAG] [localhost] FAILURE: Port 443 is CLOSED or timed out.
[2026-04-05 13:15:21] [DIAG] [localhost] [4] HTTP Response Headers Check (if applicable)
[2026-04-05 13:15:21] [DIAG] [localhost] HTTP: No response or connection failed.
[2026-04-05 13:15:21] [DIAG] [localhost] HTTPS: No response or connection failed.
[2026-04-05 13:15:21] [DIAG] [localhost] ======================================
[2026-04-05 13:15:21] [DIAG] [localhost] Diagnostics complete.
[2026-04-05 13:15:21] [DIAG] [localhost] ======================================
[2026-04-05 13:15:21] [INFO] [HTTP] Service OK: https://www.google.com reached in 171ms
[2026-04-05 13:15:21] [INFO] [HTTP] Service OK: https://api.github.com reached in 131ms
[2026-04-05 13:15:21] [ERROR] [HTTP] URL Error for http://localhost:8080/health: [Errno 61] Connection refused
[2026-04-05 13:15:21] [INFO] [DIAGNOSTICS] Triggering network_diagnostics.sh for localhost
[2026-04-05 13:15:21] [DIAG] [localhost] ======================================
[2026-04-05 13:15:21] [DIAG] [localhost] Diagnostics for: localhost
[2026-04-05 13:15:21] [DIAG] [localhost] ======================================
[2026-04-05 13:15:21] [DIAG] [localhost] [1] PING Check
[2026-04-05 13:15:21] [DIAG] [localhost] FAILURE: Host is unreachable via ICMP (ping).
[2026-04-05 13:15:21] [DIAG] [localhost] [2] DNS Resolution Check (nslookup / dig)
[2026-04-05 13:15:21] [DIAG] [localhost] 127.0.0.1
[2026-04-05 13:15:21] [DIAG] [localhost] [3] Common Port Check (SSH: 22, HTTP: 80, HTTPS: 443) using netcat
[2026-04-05 13:15:21] [DIAG] [localhost] FAILURE: Port 22 is CLOSED or timed out.
[2026-04-05 13:15:21] [DIAG] [localhost] FAILURE: Port 80 is CLOSED or timed out.
[2026-04-05 13:15:21] [DIAG] [localhost] FAILURE: Port 443 is CLOSED or timed out.
[2026-04-05 13:15:21] [DIAG] [localhost] [4] HTTP Response Headers Check (if applicable)
[2026-04-05 13:15:21] [DIAG] [localhost] HTTP: No response or connection failed.
[2026-04-05 13:15:21] [DIAG] [localhost] HTTPS: No response or connection failed.
[2026-04-05 13:15:21] [DIAG] [localhost] ======================================
[2026-04-05 13:15:21] [DIAG] [localhost] Diagnostics complete.
[2026-04-05 13:15:21] [DIAG] [localhost] ======================================
[2026-04-05 13:15:21] [INFO] [SYSTEM] Completed monitoring cycle
[2026-04-06 10:42:00] [INFO] [SYSTEM] Starting monitoring cycle
[2026-04-06 10:42:00] [INFO] [DNS] Resolved google.com to 142.250.31.101
[2026-04-06 10:42:00] [INFO] [DNS] Resolved github.com to 140.82.113.3
[2026-04-06 10:42:00] [INFO] [DNS] Resolved microsoft.com to 13.107.246.40
[2026-04-06 10:42:00] [INFO] [DNS] Resolved aws.amazon.com to 13.226.238.101
[2026-04-06 10:42:00] [INFO] [DNS] Resolved en.wikipedia.org to 208.80.154.224
[2026-04-06 10:42:05] [ERROR] [DNS] Failed to resolve this-is-a-fake-domain-that-should-fail.local: [Errno 8] nodename nor servname provided, or not known
[2026-04-06 10:42:05] [INFO] [DIAGNOSTICS] Triggering network_diagnostics.sh for this-is-a-fake-domain-that-should-fail.local
[2026-04-06 10:42:20] [ERROR] [DIAGNOSTICS] Failed to run diagnostic script: Command '['/Users/saineel/Desktop/Linux_Lab/network_diagnostics.sh', 'this-is-a-fake-domain-that-should-fail.local']' timed out after 15 seconds
[2026-04-06 10:42:20] [INFO] [TCP] Successfully connected to 8.8.8.8:53
[2026-04-06 10:42:20] [INFO] [TCP] Successfully connected to 1.1.1.1:53
[2026-04-06 10:42:20] [INFO] [TCP] Successfully connected to github.com:443
[2026-04-06 10:42:20] [INFO] [TCP] Successfully connected to wikipedia.org:80
[2026-04-06 10:42:20] [INFO] [TCP] Successfully connected to microsoft.com:443
[2026-04-06 10:42:20] [ERROR] [TCP] Connection to localhost:8080 was refused.
[2026-04-06 10:42:20] [INFO] [DIAGNOSTICS] Triggering network_diagnostics.sh for localhost
[2026-04-06 10:42:23] [DIAG] [localhost] ======================================
[2026-04-06 10:42:23] [DIAG] [localhost] Diagnostics for: localhost
[2026-04-06 10:42:23] [DIAG] [localhost] ======================================
[2026-04-06 10:42:23] [DIAG] [localhost] [1] PING Check
[2026-04-06 10:42:23] [DIAG] [localhost] SUCCESS: Host is reachable via ICMP (ping).
[2026-04-06 10:42:23] [DIAG] [localhost] [2] DNS Resolution Check (nslookup / dig)
[2026-04-06 10:42:23] [DIAG] [localhost] 127.0.0.1
[2026-04-06 10:42:23] [DIAG] [localhost] [3] Common Port Check (SSH: 22, HTTP: 80, HTTPS: 443) using netcat
[2026-04-06 10:42:23] [DIAG] [localhost] FAILURE: Port 22 is CLOSED or timed out.
[2026-04-06 10:42:23] [DIAG] [localhost] FAILURE: Port 80 is CLOSED or timed out.
[2026-04-06 10:42:23] [DIAG] [localhost] FAILURE: Port 443 is CLOSED or timed out.
[2026-04-06 10:42:23] [DIAG] [localhost] [4] HTTP Response Headers Check (if applicable)
[2026-04-06 10:42:23] [DIAG] [localhost] HTTP: No response or connection failed.
[2026-04-06 10:42:23] [DIAG] [localhost] HTTPS: No response or connection failed.
[2026-04-06 10:42:23] [DIAG] [localhost] ======================================
[2026-04-06 10:42:23] [DIAG] [localhost] Diagnostics complete.
[2026-04-06 10:42:23] [DIAG] [localhost] ======================================
[2026-04-06 10:42:23] [INFO] [HTTP] Service OK: https://www.google.com reached in 116ms
[2026-04-06 10:42:23] [INFO] [HTTP] Service OK: https://api.github.com reached in 76ms
[2026-04-06 10:42:23] [INFO] [HTTP] Service OK: https://en.wikipedia.org/wiki/Main_Page reached in 123ms
[2026-04-06 10:42:24] [INFO] [HTTP] Service OK: https://postman-echo.com/get reached in 168ms
[2026-04-06 10:42:24] [ERROR] [HTTP] URL Error for http://localhost:8080/health: [Errno 61] Connection refused
[2026-04-06 10:42:24] [INFO] [DIAGNOSTICS] Triggering network_diagnostics.sh for localhost
[2026-04-06 10:42:27] [DIAG] [localhost] ======================================
[2026-04-06 10:42:27] [DIAG] [localhost] Diagnostics for: localhost
[2026-04-06 10:42:27] [DIAG] [localhost] ======================================
[2026-04-06 10:42:27] [DIAG] [localhost] [1] PING Check
[2026-04-06 10:42:27] [DIAG] [localhost] SUCCESS: Host is reachable via ICMP (ping).
[2026-04-06 10:42:27] [DIAG] [localhost] [2] DNS Resolution Check (nslookup / dig)
[2026-04-06 10:42:27] [DIAG] [localhost] 127.0.0.1
[2026-04-06 10:42:27] [DIAG] [localhost] [3] Common Port Check (SSH: 22, HTTP: 80, HTTPS: 443) using netcat
[2026-04-06 10:42:27] [DIAG] [localhost] FAILURE: Port 22 is CLOSED or timed out.
[2026-04-06 10:42:27] [DIAG] [localhost] FAILURE: Port 80 is CLOSED or timed out.
[2026-04-06 10:42:27] [DIAG] [localhost] FAILURE: Port 443 is CLOSED or timed out.
[2026-04-06 10:42:27] [DIAG] [localhost] [4] HTTP Response Headers Check (if applicable)
[2026-04-06 10:42:27] [DIAG] [localhost] HTTP: No response or connection failed.
[2026-04-06 10:42:27] [DIAG] [localhost] HTTPS: No response or connection failed.
[2026-04-06 10:42:27] [DIAG] [localhost] ======================================
[2026-04-06 10:42:27] [DIAG] [localhost] Diagnostics complete.
[2026-04-06 10:42:27] [DIAG] [localhost] ======================================
[2026-04-06 10:42:27] [INFO] [SYSTEM] Completed monitoring cycle
[2026-04-09 20:31:33] [INFO] [SYSTEM] Starting monitoring cycle
[2026-04-09 20:31:33] [INFO] [DNS] Resolved google.com to 142.251.211.174
[2026-04-09 20:31:33] [INFO] [DNS] Resolved github.com to 140.82.114.3
[2026-04-09 20:31:33] [INFO] [DNS] Resolved microsoft.com to 13.107.226.41
[2026-04-09 20:31:33] [INFO] [DNS] Resolved aws.amazon.com to 13.33.67.120
[2026-04-09 20:31:33] [INFO] [DNS] Resolved en.wikipedia.org to 208.80.154.224
[2026-04-09 20:31:38] [ERROR] [DNS] Failed to resolve this-is-a-fake-domain-that-should-fail.local: [Errno 8] nodename nor servname provided, or not known
[2026-04-09 20:31:38] [INFO] [DIAGNOSTICS] Triggering network_diagnostics.sh for this-is-a-fake-domain-that-should-fail.local
[2026-04-09 20:31:53] [ERROR] [DIAGNOSTICS] Failed to run diagnostic script: Command '['/Users/saineel/Documents/GitHub/Linux_Lab/network_diagnostics.sh', 'this-is-a-fake-domain-that-should-fail.local']' timed out after 15 seconds
[2026-04-09 20:31:53] [INFO] [TCP] Successfully connected to 8.8.8.8:53
[2026-04-09 20:31:53] [INFO] [TCP] Successfully connected to 1.1.1.1:53
[2026-04-09 20:31:53] [INFO] [TCP] Successfully connected to github.com:443
[2026-04-09 20:31:53] [INFO] [TCP] Successfully connected to wikipedia.org:80
[2026-04-09 20:31:53] [INFO] [TCP] Successfully connected to microsoft.com:443
[2026-04-09 20:31:53] [ERROR] [TCP] Connection to localhost:8080 was refused.
[2026-04-09 20:31:53] [INFO] [DIAGNOSTICS] Triggering network_diagnostics.sh for localhost
[2026-04-09 20:31:56] [DIAG] [localhost] ======================================
[2026-04-09 20:31:56] [DIAG] [localhost] Diagnostics for: localhost
[2026-04-09 20:31:56] [DIAG] [localhost] ======================================
[2026-04-09 20:31:56] [DIAG] [localhost] [1] PING Check
[2026-04-09 20:31:56] [DIAG] [localhost] SUCCESS: Host is reachable via ICMP (ping).
[2026-04-09 20:31:56] [DIAG] [localhost] [2] DNS Resolution Check (nslookup / dig)
[2026-04-09 20:31:56] [DIAG] [localhost] [3] Common Port Check (SSH: 22, HTTP: 80, HTTPS: 443) using netcat
[2026-04-09 20:31:56] [DIAG] [localhost] FAILURE: Port 22 is CLOSED or timed out.
[2026-04-09 20:31:56] [DIAG] [localhost] FAILURE: Port 80 is CLOSED or timed out.
[2026-04-09 20:31:56] [DIAG] [localhost] FAILURE: Port 443 is CLOSED or timed out.
[2026-04-09 20:31:56] [DIAG] [localhost] [4] HTTP Response Headers Check (if applicable)
[2026-04-09 20:31:56] [DIAG] [localhost] HTTP: No response or connection failed.
[2026-04-09 20:31:56] [DIAG] [localhost] HTTPS: No response or connection failed.
[2026-04-09 20:31:56] [DIAG] [localhost] ======================================
[2026-04-09 20:31:56] [DIAG] [localhost] Diagnostics complete.
[2026-04-09 20:31:56] [DIAG] [localhost] ======================================
[2026-04-09 20:31:56] [INFO] [HTTP] Service OK: https://www.google.com reached in 107ms
[2026-04-09 20:31:57] [INFO] [HTTP] Service OK: https://api.github.com reached in 63ms
[2026-04-09 20:31:57] [INFO] [HTTP] Service OK: https://en.wikipedia.org/wiki/Main_Page reached in 71ms
[2026-04-09 20:31:57] [INFO] [HTTP] Service OK: https://postman-echo.com/get reached in 92ms
[2026-04-09 20:31:57] [ERROR] [HTTP] URL Error for http://localhost:8080/health: [Errno 61] Connection refused
[2026-04-09 20:31:57] [INFO] [DIAGNOSTICS] Triggering network_diagnostics.sh for localhost
[2026-04-09 20:32:00] [DIAG] [localhost] ======================================
[2026-04-09 20:32:00] [DIAG] [localhost] Diagnostics for: localhost
[2026-04-09 20:32:00] [DIAG] [localhost] ======================================
[2026-04-09 20:32:00] [DIAG] [localhost] [1] PING Check
[2026-04-09 20:32:00] [DIAG] [localhost] SUCCESS: Host is reachable via ICMP (ping).
[2026-04-09 20:32:00] [DIAG] [localhost] [2] DNS Resolution Check (nslookup / dig)
[2026-04-09 20:32:00] [DIAG] [localhost] [3] Common Port Check (SSH: 22, HTTP: 80, HTTPS: 443) using netcat
[2026-04-09 20:32:00] [DIAG] [localhost] FAILURE: Port 22 is CLOSED or timed out.
[2026-04-09 20:32:00] [DIAG] [localhost] FAILURE: Port 80 is CLOSED or timed out.
[2026-04-09 20:32:00] [DIAG] [localhost] FAILURE: Port 443 is CLOSED or timed out.
[2026-04-09 20:32:00] [DIAG] [localhost] [4] HTTP Response Headers Check (if applicable)
[2026-04-09 20:32:00] [DIAG] [localhost] HTTP: No response or connection failed.
[2026-04-09 20:32:00] [DIAG] [localhost] HTTPS: No response or connection failed.
[2026-04-09 20:32:00] [DIAG] [localhost] ======================================
[2026-04-09 20:32:00] [DIAG] [localhost] Diagnostics complete.
[2026-04-09 20:32:00] [DIAG] [localhost] ======================================
[2026-04-09 20:32:00] [INFO] [SYSTEM] Completed monitoring cycle
[2026-04-09 20:36:23] [INFO] [SYSTEM] Starting monitoring cycle
[2026-04-09 20:36:23] [INFO] [DNS] Resolved google.com to 142.251.211.174
[2026-04-09 20:36:23] [INFO] [DNS] Resolved github.com to 140.82.113.4
[2026-04-09 20:36:23] [INFO] [DNS] Resolved microsoft.com to 13.107.226.41
[2026-04-09 20:36:23] [INFO] [DNS] Resolved aws.amazon.com to 13.33.67.120
[2026-04-09 20:36:23] [INFO] [DNS] Resolved en.wikipedia.org to 208.80.154.224
[2026-04-09 20:36:28] [ERROR] [DNS] Failed to resolve this-is-a-fake-domain-that-should-fail.local: [Errno 8] nodename nor servname provided, or not known
[2026-04-09 20:36:28] [INFO] [DIAGNOSTICS] Triggering network_diagnostics.sh for this-is-a-fake-domain-that-should-fail.local
[2026-04-09 20:36:44] [ERROR] [DIAGNOSTICS] Failed to run diagnostic script: Command '['/Users/saineel/Documents/GitHub/Linux_Lab/network_diagnostics.sh', 'this-is-a-fake-domain-that-should-fail.local']' timed out after 15 seconds
[2026-04-09 20:36:44] [INFO] [TCP] Successfully connected to 8.8.8.8:53
[2026-04-09 20:36:44] [INFO] [TCP] Successfully connected to 1.1.1.1:53
[2026-04-09 20:36:44] [INFO] [TCP] Successfully connected to github.com:443
[2026-04-09 20:36:44] [INFO] [TCP] Successfully connected to wikipedia.org:80
[2026-04-09 20:36:44] [INFO] [TCP] Successfully connected to microsoft.com:443
[2026-04-09 20:36:44] [ERROR] [TCP] Connection to localhost:8080 was refused.
[2026-04-09 20:36:44] [INFO] [DIAGNOSTICS] Triggering network_diagnostics.sh for localhost
[2026-04-09 20:36:47] [DIAG] [localhost] ======================================
[2026-04-09 20:36:47] [DIAG] [localhost] Diagnostics for: localhost
[2026-04-09 20:36:47] [DIAG] [localhost] ======================================
[2026-04-09 20:36:47] [DIAG] [localhost] [1] PING Check
[2026-04-09 20:36:47] [DIAG] [localhost] SUCCESS: Host is reachable via ICMP (ping).
[2026-04-09 20:36:47] [DIAG] [localhost] [2] DNS Resolution Check (nslookup / dig)
[2026-04-09 20:36:47] [DIAG] [localhost] [3] Common Port Check (SSH: 22, HTTP: 80, HTTPS: 443) using netcat
[2026-04-09 20:36:47] [DIAG] [localhost] FAILURE: Port 22 is CLOSED or timed out.
[2026-04-09 20:36:47] [DIAG] [localhost] FAILURE: Port 80 is CLOSED or timed out.
[2026-04-09 20:36:47] [DIAG] [localhost] FAILURE: Port 443 is CLOSED or timed out.
[2026-04-09 20:36:47] [DIAG] [localhost] [4] HTTP Response Headers Check (if applicable)
[2026-04-09 20:36:47] [DIAG] [localhost] HTTP: No response or connection failed.
[2026-04-09 20:36:47] [DIAG] [localhost] HTTPS: No response or connection failed.
[2026-04-09 20:36:47] [DIAG] [localhost] ======================================
[2026-04-09 20:36:47] [DIAG] [localhost] Diagnostics complete.
[2026-04-09 20:36:47] [DIAG] [localhost] ======================================
[2026-04-09 20:36:47] [INFO] [HTTP] Service OK: https://www.google.com reached in 82ms
[2026-04-09 20:36:47] [INFO] [HTTP] Service OK: https://api.github.com reached in 65ms
[2026-04-09 20:36:47] [INFO] [HTTP] Service OK: https://en.wikipedia.org/wiki/Main_Page reached in 42ms
[2026-04-09 20:36:47] [INFO] [HTTP] Service OK: https://postman-echo.com/get reached in 74ms
[2026-04-09 20:36:47] [ERROR] [HTTP] URL Error for http://localhost:8080/health: [Errno 61] Connection refused
[2026-04-09 20:36:47] [INFO] [DIAGNOSTICS] Triggering network_diagnostics.sh for localhost
[2026-04-09 20:36:50] [DIAG] [localhost] ======================================
[2026-04-09 20:36:50] [DIAG] [localhost] Diagnostics for: localhost
[2026-04-09 20:36:50] [DIAG] [localhost] ======================================
[2026-04-09 20:36:50] [DIAG] [localhost] [1] PING Check
[2026-04-09 20:36:50] [DIAG] [localhost] SUCCESS: Host is reachable via ICMP (ping).
[2026-04-09 20:36:50] [DIAG] [localhost] [2] DNS Resolution Check (nslookup / dig)
[2026-04-09 20:36:50] [DIAG] [localhost] [3] Common Port Check (SSH: 22, HTTP: 80, HTTPS: 443) using netcat
[2026-04-09 20:36:50] [DIAG] [localhost] FAILURE: Port 22 is CLOSED or timed out.
[2026-04-09 20:36:50] [DIAG] [localhost] FAILURE: Port 80 is CLOSED or timed out.
[2026-04-09 20:36:50] [DIAG] [localhost] FAILURE: Port 443 is CLOSED or timed out.
[2026-04-09 20:36:50] [DIAG] [localhost] [4] HTTP Response Headers Check (if applicable)
[2026-04-09 20:36:50] [DIAG] [localhost] HTTP: No response or connection failed.
[2026-04-09 20:36:50] [DIAG] [localhost] HTTPS: No response or connection failed.
[2026-04-09 20:36:50] [DIAG] [localhost] ======================================
[2026-04-09 20:36:50] [DIAG] [localhost] Diagnostics complete.
[2026-04-09 20:36:50] [DIAG] [localhost] ======================================
[2026-04-09 20:36:50] [INFO] [SYSTEM] Completed monitoring cycle
[2026-04-09 20:40:40] [INFO] [SYSTEM] Starting monitoring cycle
[2026-04-09 20:40:41] [INFO] [DNS] Resolved google.com to 142.251.167.100
[2026-04-09 20:40:41] [INFO] [DNS] Resolved github.com to 140.82.114.3
[2026-04-09 20:40:41] [INFO] [DNS] Resolved microsoft.com to 13.107.213.40
[2026-04-09 20:40:41] [INFO] [DNS] Resolved aws.amazon.com to 13.226.238.22
[2026-04-09 20:40:41] [INFO] [DNS] Resolved en.wikipedia.org to 208.80.154.224
[2026-04-09 20:40:46] [ERROR] [DNS] Failed to resolve this-is-a-fake-domain-that-should-fail.local: [Errno 8] nodename nor servname provided, or not known
[2026-04-09 20:40:46] [INFO] [DIAGNOSTICS] Triggering network_diagnostics.sh for this-is-a-fake-domain-that-should-fail.local
[2026-04-09 20:41:01] [ERROR] [DIAGNOSTICS] Failed to run diagnostic script: Command '['/Users/saineel/Documents/GitHub/Linux_Lab/network_diagnostics.sh', 'this-is-a-fake-domain-that-should-fail.local']' timed out after 15 seconds
[2026-04-09 20:41:01] [INFO] [TCP] Successfully connected to 8.8.8.8:53
[2026-04-09 20:41:01] [INFO] [TCP] Successfully connected to 1.1.1.1:53
[2026-04-09 20:41:01] [INFO] [TCP] Successfully connected to github.com:443
[2026-04-09 20:41:01] [INFO] [TCP] Successfully connected to wikipedia.org:80
[2026-04-09 20:41:01] [INFO] [TCP] Successfully connected to microsoft.com:443
[2026-04-09 20:41:01] [ERROR] [TCP] Connection to localhost:8080 was refused.
[2026-04-09 20:41:01] [INFO] [DIAGNOSTICS] Triggering network_diagnostics.sh for localhost
[2026-04-09 20:41:04] [DIAG] [localhost] ======================================
[2026-04-09 20:41:04] [DIAG] [localhost] Diagnostics for: localhost
[2026-04-09 20:41:04] [DIAG] [localhost] ======================================
[2026-04-09 20:41:04] [DIAG] [localhost] [1] PING Check
[2026-04-09 20:41:04] [DIAG] [localhost] SUCCESS: Host is reachable via ICMP (ping).
[2026-04-09 20:41:04] [DIAG] [localhost] [2] DNS Resolution Check (nslookup / dig)
[2026-04-09 20:41:04] [DIAG] [localhost] [3] Common Port Check (SSH: 22, HTTP: 80, HTTPS: 443) using netcat
[2026-04-09 20:41:04] [DIAG] [localhost] FAILURE: Port 22 is CLOSED or timed out.
[2026-04-09 20:41:04] [DIAG] [localhost] FAILURE: Port 80 is CLOSED or timed out.
[2026-04-09 20:41:04] [DIAG] [localhost] FAILURE: Port 443 is CLOSED or timed out.
[2026-04-09 20:41:04] [DIAG] [localhost] [4] HTTP Response Headers Check (if applicable)
[2026-04-09 20:41:04] [DIAG] [localhost] HTTP: No response or connection failed.
[2026-04-09 20:41:04] [DIAG] [localhost] HTTPS: No response or connection failed.
[2026-04-09 20:41:04] [DIAG] [localhost] ======================================
[2026-04-09 20:41:04] [DIAG] [localhost] Diagnostics complete.
[2026-04-09 20:41:04] [DIAG] [localhost] ======================================
[2026-04-09 20:41:04] [INFO] [HTTP] Service OK: https://www.google.com reached in 197ms
[2026-04-09 20:41:05] [INFO] [HTTP] Service OK: https://api.github.com reached in 224ms
[2026-04-09 20:41:05] [INFO] [HTTP] Service OK: https://en.wikipedia.org/wiki/Main_Page reached in 350ms
[2026-04-09 20:41:05] [INFO] [HTTP] Service OK: https://postman-echo.com/get reached in 195ms
[2026-04-09 20:41:05] [ERROR] [HTTP] URL Error for http://localhost:8080/health: [Errno 61] Connection refused
[2026-04-09 20:41:05] [INFO] [DIAGNOSTICS] Triggering network_diagnostics.sh for localhost
[2026-04-09 20:41:08] [DIAG] [localhost] ======================================
[2026-04-09 20:41:08] [DIAG] [localhost] Diagnostics for: localhost
[2026-04-09 20:41:08] [DIAG] [localhost] ======================================
[2026-04-09 20:41:08] [DIAG] [localhost] [1] PING Check
[2026-04-09 20:41:08] [DIAG] [localhost] SUCCESS: Host is reachable via ICMP (ping).
[2026-04-09 20:41:08] [DIAG] [localhost] [2] DNS Resolution Check (nslookup / dig)
[2026-04-09 20:41:08] [DIAG] [localhost] [3] Common Port Check (SSH: 22, HTTP: 80, HTTPS: 443) using netcat
[2026-04-09 20:41:08] [DIAG] [localhost] FAILURE: Port 22 is CLOSED or timed out.
[2026-04-09 20:41:08] [DIAG] [localhost] FAILURE: Port 80 is CLOSED or timed out.
[2026-04-09 20:41:08] [DIAG] [localhost] FAILURE: Port 443 is CLOSED or timed out.
[2026-04-09 20:41:08] [DIAG] [localhost] [4] HTTP Response Headers Check (if applicable)
[2026-04-09 20:41:08] [DIAG] [localhost] HTTP: No response or connection failed.
[2026-04-09 20:41:08] [DIAG] [localhost] HTTPS: No response or connection failed.
[2026-04-09 20:41:08] [DIAG] [localhost] ======================================
[2026-04-09 20:41:08] [DIAG] [localhost] Diagnostics complete.
[2026-04-09 20:41:08] [DIAG] [localhost] ======================================
[2026-04-09 20:41:08] [INFO] [SYSTEM] Completed monitoring cycle
